<?xml version="1.0" encoding="UTF-8"?>
<!-- Generated by org.testng.reporters.JUnitReportReporter -->
<testsuite hostname="PUNITP612526L" failures="0" tests="2" name="Rest_API_Project.Rest_API_Project.Demo2_1" time="2.490" errors="0" timestamp="2022-09-21T14:43:17 IST" skipped="0">
  <testcase classname="Rest_API_Project.Rest_API_Project.Demo2_1" name="user" time="0.438"/>
  <system-out/>
  <testcase classname="Rest_API_Project.Rest_API_Project.Demo2_1" name="Test" time="2.052"/>
  <system-out/>
</testsuite> <!-- Rest_API_Project.Rest_API_Project.Demo2_1 -->
