<?xml version="1.0" encoding="UTF-8"?>
<!-- Generated by org.testng.reporters.JUnitReportReporter -->
<testsuite hostname="PUNITP612526L" failures="0" tests="2" name="Rest_API_Project.Rest_API_Project.Demo2_2" time="1.396" errors="0" timestamp="2022-09-21T19:48:15 IST" skipped="0">
  <testcase classname="Rest_API_Project.Rest_API_Project.Demo2_2" name="f" time="0.088"/>
  <system-out/>
  <testcase classname="Rest_API_Project.Rest_API_Project.Demo2_2" name="Test" time="1.308"/>
  <system-out/>
</testsuite> <!-- Rest_API_Project.Rest_API_Project.Demo2_2 -->
